[debug] [2021-04-13T14:04:36.735Z] ----------------------------------------------------------------------
[debug] [2021-04-13T14:04:36.739Z] Command:       C:\Program Files\nodejs\node.exe C:\Users\vishal raju\AppData\Roaming\npm\node_modules\firebase-tools\lib\bin\firebase.js init
[debug] [2021-04-13T14:04:36.739Z] CLI Version:   9.9.0
[debug] [2021-04-13T14:04:36.739Z] Platform:      win32
[debug] [2021-04-13T14:04:36.739Z] Node Version:  v14.15.1
[debug] [2021-04-13T14:04:36.741Z] Time:          Tue Apr 13 2021 19:34:36 GMT+0530 (India Standard Time)
[debug] [2021-04-13T14:04:36.741Z] ----------------------------------------------------------------------
[debug] 
[debug] [2021-04-13T14:04:36.750Z] > command requires scopes: ["email","openid","https://www.googleapis.com/auth/cloudplatformprojects.readonly","https://www.googleapis.com/auth/firebase","https://www.googleapis.com/auth/cloud-platform"]
[debug] [2021-04-13T14:04:36.750Z] > authorizing via signed-in user (lvishalraju@gmail.com)
[info] 
     ######## #### ########  ######## ########     ###     ######  ########
     ##        ##  ##     ## ##       ##     ##  ##   ##  ##       ##
     ######    ##  ########  ######   ########  #########  ######  ######
     ##        ##  ##    ##  ##       ##     ## ##     ##       ## ##
     ##       #### ##     ## ######## ########  ##     ##  ######  ########

You're about to initialize a Firebase project in this directory:

  D:\net ninjas-material\material-ui-tut

Before we get started, keep in mind:

  * You are initializing in an existing Firebase project directory

